TN:
SF:script/AddPerk.s.sol
DA:8,0
FN:8,AddPerkScript.run
FNDA:0,AddPerkScript.run
DA:9,0
DA:10,0
DA:11,0
DA:12,0
DA:13,0
DA:14,0
DA:16,0
DA:18,0
DA:20,0
DA:28,0
DA:29,0
DA:30,0
DA:31,0
DA:32,0
DA:33,0
DA:35,0
FNF:1
FNH:0
LF:17
LH:0
BRF:0
BRH:0
end_of_record
TN:
SF:script/Deploy.s.sol
DA:12,0
FN:12,DeployEcoAccountsPerks.run
FNDA:0,DeployEcoAccountsPerks.run
DA:13,0
DA:14,0
DA:18,0
DA:35,0
DA:38,15
FN:38,DeployEcoAccountsPerks.deployForTest
FNDA:15,DeployEcoAccountsPerks.deployForTest
DA:42,15
DA:43,15
DA:51,15
FNF:2
FNH:1
LF:9
LH:4
BRF:0
BRH:0
end_of_record
TN:
SF:src/EcoAccountsPerks.sol
DA:51,3149
FN:51,EcoAccountsPerks.ecoAccountsPerksStorage
FNDA:3149,EcoAccountsPerks.ecoAccountsPerksStorage
DA:57,3149
DA:103,15
FN:103,EcoAccountsPerks.initialize
FNDA:15,EcoAccountsPerks.initialize
DA:107,15
DA:108,15
DA:109,15
DA:110,15
DA:114,15
FN:114,EcoAccountsPerks.constructor
FNDA:15,EcoAccountsPerks.constructor
DA:115,15
DA:122,264
FN:122,EcoAccountsPerks.redeemPerk
FNDA:264,EcoAccountsPerks.redeemPerk
DA:127,265
DA:128,265
DA:129,265
BRDA:129,0,0,264
DA:130,264
BRDA:130,1,0,1
BRDA:130,1,1,263
DA:134,263
BRDA:134,2,0,-
BRDA:134,2,1,263
DA:139,263
DA:141,263
BRDA:141,3,0,259
DA:142,259
DA:144,263
DA:146,263
DA:147,263
DA:156,263
BRDA:156,4,0,10
DA:157,10
DA:162,2
FN:162,EcoAccountsPerks.redeemPerks
FNDA:2,EcoAccountsPerks.redeemPerks
DA:166,2
DA:167,3
DA:175,785
FN:175,EcoAccountsPerks.addPerk
FNDA:785,EcoAccountsPerks.addPerk
DA:182,784
DA:183,784
DA:190,784
DA:192,784
DA:193,784
DA:196,260
FN:196,EcoAccountsPerks.setPerk
FNDA:260,EcoAccountsPerks.setPerk
DA:203,260
DA:204,260
DA:205,260
DA:206,260
DA:207,260
DA:208,260
DA:210,260
DA:213,0
FN:213,EcoAccountsPerks.setEcoAccountsBadgesAddress
FNDA:0,EcoAccountsPerks.setEcoAccountsBadgesAddress
DA:216,0
DA:217,0
DA:224,0
FN:224,EcoAccountsPerks.canClaimPerk
FNDA:0,EcoAccountsPerks.canClaimPerk
DA:229,0
DA:230,0
DA:231,0
DA:232,0
DA:233,0
DA:236,256
FN:236,EcoAccountsPerks.perkIsClaimed
FNDA:256,EcoAccountsPerks.perkIsClaimed
DA:241,256
DA:242,256
DA:243,256
DA:246,0
FN:246,EcoAccountsPerks.perks
FNDA:0,EcoAccountsPerks.perks
DA:247,0
DA:248,0
DA:251,777
FN:251,EcoAccountsPerks.perks
FNDA:777,EcoAccountsPerks.perks
DA:255,777
DA:256,777
DA:257,777
DA:260,0
FN:260,EcoAccountsPerks.redeemedPerks
FNDA:0,EcoAccountsPerks.redeemedPerks
DA:265,0
DA:266,0
DA:267,0
DA:274,1
FN:274,EcoAccountsPerks.depositTokens
FNDA:1,EcoAccountsPerks.depositTokens
DA:275,1
DA:278,1
FN:278,EcoAccountsPerks.withdrawTokens
FNDA:1,EcoAccountsPerks.withdrawTokens
DA:279,1
DA:282,1
FN:282,EcoAccountsPerks.pause
FNDA:1,EcoAccountsPerks.pause
DA:283,1
DA:286,1
FN:286,EcoAccountsPerks.unpause
FNDA:1,EcoAccountsPerks.unpause
DA:287,1
DA:294,1
FN:294,EcoAccountsPerks.calculatePerkId
FNDA:1,EcoAccountsPerks.calculatePerkId
DA:298,1
DA:301,265
FN:301,EcoAccountsPerks._checkPerkValid
FNDA:265,EcoAccountsPerks._checkPerkValid
DA:304,265
DA:305,265
DA:307,265
DA:309,264
BRDA:309,5,0,264
BRDA:306,5,1,1
DA:310,264
DA:312,1
DA:316,264
FN:316,EcoAccountsPerks._checkUserNotClaimedPerk
FNDA:264,EcoAccountsPerks._checkUserNotClaimedPerk
DA:320,264
DA:321,264
DA:324,263
FN:324,EcoAccountsPerks._checkUserHasBadge
FNDA:263,EcoAccountsPerks._checkUserHasBadge
DA:329,263
DA:330,263
DA:331,263
FNF:21
FNH:17
LF:88
LH:72
BRF:9
BRH:8
end_of_record
TN:
SF:test/EcoAccountsPerks.unit.t.sol
DA:369,15
FN:369,DummyToken.constructor
FNDA:15,DummyToken.constructor
DA:370,15
DA:373,1
FN:373,DummyToken.mint
FNDA:1,DummyToken.mint
DA:374,1
DA:379,263
FN:379,DummyEcoAccountsBadges.getUserBadgeTier
FNDA:263,DummyEcoAccountsBadges.getUserBadgeTier
DA:383,263
FNF:3
FNH:3
LF:6
LH:6
BRF:0
BRH:0
end_of_record
